-------------------------------------------------------------------------------
Test set: com.project.counter.impl.FileProcessorImplTest
-------------------------------------------------------------------------------
Tests run: 1, Failures: 1, Errors: 0, Skipped: 0, Time elapsed: 0.14 s <<< FAILURE! - in com.project.counter.impl.FileProcessorImplTest
testProcess{String, String}[1]  Time elapsed: 0.084 s  <<< FAILURE!
java.lang.AssertionError
	at com.project.counter.impl.FileProcessorImplTest.testProcess(FileProcessorImplTest.java:34)

